[2020-11-07T08:10:02.722] [DEBUG] cheese - login => username:admin,password:123456
[2020-11-07T08:10:02.730] [DEBUG] cheese - admin
[2020-11-07T08:10:02.754] [DEBUG] cheese - null
[2020-11-07T08:10:02.754] [DEBUG] cheese - null
[2020-11-07T08:11:15.429] [DEBUG] cheese - login => username:admi,password:123456
[2020-11-07T08:11:15.429] [DEBUG] cheese - admi
[2020-11-07T08:11:15.437] [DEBUG] cheese - null
[2020-11-07T08:11:15.445] [DEBUG] cheese - null
[2020-11-07T08:11:18.138] [DEBUG] cheese - login => username:admi,password:123456
[2020-11-07T08:11:18.138] [DEBUG] cheese - admi
[2020-11-07T08:11:18.146] [DEBUG] cheese - null
[2020-11-07T08:11:18.146] [DEBUG] cheese - null
[2020-11-07T08:11:39.601] [DEBUG] cheese - login => username:admin,password:123456
[2020-11-07T08:11:39.601] [DEBUG] cheese - admin
[2020-11-07T08:11:39.609] [DEBUG] cheese - null
[2020-11-07T08:11:39.609] [DEBUG] cheese - null
[2020-11-07T08:11:46.598] [DEBUG] cheese - login => username:admin,password:123456
[2020-11-07T08:11:46.598] [DEBUG] cheese - admin
[2020-11-07T08:11:46.598] [DEBUG] cheese - null
[2020-11-07T08:11:46.598] [DEBUG] cheese - null
[2020-11-07T09:17:46.991] [DEBUG] cheese - login => username:admin,password:123456
[2020-11-07T09:17:46.991] [DEBUG] cheese - admin
[2020-11-07T09:17:46.999] [DEBUG] cheese - null
[2020-11-07T09:17:46.999] [DEBUG] cheese - null
[2020-11-07T09:22:19.695] [DEBUG] cheese - login => username:admin,password:123456
[2020-11-07T09:22:19.695] [DEBUG] cheese - admin
[2020-11-07T09:22:19.695] [DEBUG] cheese - null
[2020-11-07T09:22:19.695] [DEBUG] cheese - null
[2020-11-07T09:25:30.903] [DEBUG] cheese - login => username:admin,password:123456
[2020-11-07T09:25:30.903] [DEBUG] cheese - admin
[2020-11-07T09:25:30.910] [DEBUG] cheese - null
[2020-11-07T09:25:30.911] [DEBUG] cheese - null
[2020-11-07T09:28:36.257] [DEBUG] cheese - login => username:admin,password:123456
[2020-11-07T09:28:36.257] [DEBUG] cheese - admin
[2020-11-07T09:28:36.257] [DEBUG] cheese - null
[2020-11-07T09:28:36.257] [DEBUG] cheese - null
[2020-11-07T09:29:28.078] [DEBUG] cheese - login => username:admin,password:123456
[2020-11-07T09:29:28.078] [DEBUG] cheese - admin
[2020-11-07T09:29:28.086] [DEBUG] cheese - null
[2020-11-07T09:29:28.086] [DEBUG] cheese - null
[2020-11-07T09:31:23.608] [DEBUG] cheese - login => username:admin,password:123456
[2020-11-07T09:31:23.608] [DEBUG] cheese - admin
[2020-11-07T09:31:23.616] [DEBUG] cheese - null
[2020-11-07T09:31:23.616] [DEBUG] cheese - null
[2020-11-07T09:41:39.649] [DEBUG] cheese - login => username:admin,password:123456
[2020-11-07T09:41:39.649] [DEBUG] cheese - admin
[2020-11-07T09:41:39.657] [DEBUG] cheese - null
[2020-11-07T09:41:39.657] [DEBUG] cheese - null
[2020-11-07T09:42:32.578] [DEBUG] cheese - login => username:admin,password:123456
[2020-11-07T09:42:32.578] [DEBUG] cheese - admin
[2020-11-07T09:42:32.586] [DEBUG] cheese - null
[2020-11-07T09:42:32.586] [DEBUG] cheese - null
[2020-11-07T09:56:12.262] [DEBUG] cheese - login => username:admin,password:123456
[2020-11-07T09:56:12.262] [DEBUG] cheese - admin
[2020-11-07T09:56:12.266] [DEBUG] cheese - null
[2020-11-07T09:56:12.266] [DEBUG] cheese - null
[2020-11-07T09:56:37.344] [DEBUG] cheese - login => username:admin,password:123456
[2020-11-07T09:56:37.344] [DEBUG] cheese - admin
[2020-11-07T09:56:37.352] [DEBUG] cheese - null
[2020-11-07T09:56:37.352] [DEBUG] cheese - null
[2020-11-07T09:57:33.545] [DEBUG] cheese - login => username:admin,password:123456
[2020-11-07T09:57:33.545] [DEBUG] cheese - admin
[2020-11-07T09:57:33.545] [DEBUG] cheese - null
[2020-11-07T09:57:33.545] [DEBUG] cheese - null
[2020-11-07T13:22:23.519] [DEBUG] cheese - login => username:admin,password:123456
[2020-11-07T13:22:23.519] [DEBUG] cheese - admin
[2020-11-07T13:22:23.522] [DEBUG] cheese - null
[2020-11-07T13:22:23.522] [DEBUG] cheese - null
[2020-11-07T13:25:00.804] [DEBUG] cheese - login => username:admin,password:123456
[2020-11-07T13:25:00.804] [DEBUG] cheese - admin
[2020-11-07T13:25:00.806] [DEBUG] cheese - null
[2020-11-07T13:25:00.806] [DEBUG] cheese - null
[2020-11-07T15:17:03.040] [DEBUG] cheese - login => username:admin,password:123456
[2020-11-07T15:17:03.040] [DEBUG] cheese - admin
[2020-11-07T15:17:03.043] [DEBUG] cheese - null
[2020-11-07T15:17:03.043] [DEBUG] cheese - null
[2020-11-08T09:14:53.732] [DEBUG] cheese - login => username:admin,password:123456
[2020-11-08T09:14:53.734] [DEBUG] cheese - admin
[2020-11-08T09:14:53.760] [DEBUG] cheese - null
[2020-11-08T09:14:53.760] [DEBUG] cheese - null
[2020-11-08T09:43:30.621] [DEBUG] cheese - login => username:admin,password:123456
[2020-11-08T09:43:30.621] [DEBUG] cheese - admin
[2020-11-08T09:43:30.627] [DEBUG] cheese - null
[2020-11-08T09:43:30.627] [DEBUG] cheese - null
[2020-11-08T09:51:43.632] [DEBUG] cheese - login => username:admin,password:123456
[2020-11-08T09:51:43.633] [DEBUG] cheese - admin
[2020-11-08T09:51:43.637] [DEBUG] cheese - null
[2020-11-08T09:51:43.637] [DEBUG] cheese - null
[2020-11-08T09:53:53.869] [DEBUG] cheese - login => username:admin,password:123456
[2020-11-08T09:53:53.869] [DEBUG] cheese - admin
[2020-11-08T09:53:53.874] [DEBUG] cheese - null
[2020-11-08T09:53:53.874] [DEBUG] cheese - null
[2020-11-08T10:03:47.130] [DEBUG] cheese - login => username:admin,password:123456
[2020-11-08T10:03:47.131] [DEBUG] cheese - admin
[2020-11-08T10:03:47.135] [DEBUG] cheese - null
[2020-11-08T10:03:47.136] [DEBUG] cheese - null
[2020-11-08T10:18:33.222] [DEBUG] cheese - login => username:admin,password:123456
[2020-11-08T10:18:33.222] [DEBUG] cheese - admin
[2020-11-08T10:18:33.228] [DEBUG] cheese - null
[2020-11-08T10:18:33.228] [DEBUG] cheese - null
[2020-11-08T10:37:16.255] [DEBUG] cheese - login => username:admin,password:123456
[2020-11-08T10:37:16.255] [DEBUG] cheese - admin
[2020-11-08T10:37:16.261] [DEBUG] cheese - null
[2020-11-08T10:37:16.261] [DEBUG] cheese - null
[2020-11-08T10:45:25.500] [DEBUG] cheese - login => username:admin,password:123456
[2020-11-08T10:45:25.500] [DEBUG] cheese - admin
[2020-11-08T10:45:25.504] [DEBUG] cheese - null
[2020-11-08T10:45:25.504] [DEBUG] cheese - null
[2020-11-08T10:54:09.755] [DEBUG] cheese - login => username:admin,password:123456
[2020-11-08T10:54:09.755] [DEBUG] cheese - admin
[2020-11-08T10:54:09.761] [DEBUG] cheese - null
[2020-11-08T10:54:09.762] [DEBUG] cheese - null
[2020-11-08T11:21:18.481] [DEBUG] cheese - login => username:admin,password:123456
[2020-11-08T11:21:18.481] [DEBUG] cheese - admin
[2020-11-08T11:21:18.487] [DEBUG] cheese - null
[2020-11-08T11:21:18.487] [DEBUG] cheese - null
[2020-11-08T11:23:59.266] [DEBUG] cheese - login => username:admin,password:123456
[2020-11-08T11:23:59.266] [DEBUG] cheese - admin
[2020-11-08T11:23:59.272] [DEBUG] cheese - null
[2020-11-08T11:23:59.272] [DEBUG] cheese - null
[2020-11-08T12:38:39.365] [DEBUG] cheese - login => username:admin,password:123456
[2020-11-08T12:38:39.365] [DEBUG] cheese - admin
[2020-11-08T12:38:39.368] [DEBUG] cheese - null
[2020-11-08T12:38:39.368] [DEBUG] cheese - null
[2020-11-08T12:43:29.355] [DEBUG] cheese - login => username:admin,password:123456
[2020-11-08T12:43:29.355] [DEBUG] cheese - admin
[2020-11-08T12:43:29.355] [DEBUG] cheese - null
[2020-11-08T12:43:29.360] [DEBUG] cheese - null
[2020-11-08T19:18:40.581] [DEBUG] cheese - null
[2020-11-08T19:28:01.400] [DEBUG] cheese - null
[2020-11-08T19:30:13.429] [DEBUG] cheese - null
[2020-11-08T19:30:19.241] [DEBUG] cheese - null
[2020-11-08T19:30:22.212] [DEBUG] cheese - null
[2020-11-09T07:57:53.438] [DEBUG] cheese - login => username:admin,password:123456
[2020-11-09T07:57:53.446] [DEBUG] cheese - admin
[2020-11-09T07:57:53.470] [DEBUG] cheese - null
[2020-11-09T07:57:53.470] [DEBUG] cheese - null
[2020-11-09T17:48:50.144] [DEBUG] cheese - login => username:admin,password:123456
[2020-11-09T17:48:50.144] [DEBUG] cheese - admin
[2020-11-09T17:48:50.152] [DEBUG] cheese - null
[2020-11-09T17:48:50.152] [DEBUG] cheese - null
[2020-11-09T17:56:02.045] [DEBUG] cheese - login => username:admin,password:123456
[2020-11-09T17:56:02.045] [DEBUG] cheese - admin
[2020-11-09T17:56:02.052] [DEBUG] cheese - null
[2020-11-09T17:56:02.052] [DEBUG] cheese - null
[2020-11-10T07:51:53.891] [DEBUG] cheese - login => username:admin,password:123456
[2020-11-10T07:51:53.899] [DEBUG] cheese - admin
[2020-11-10T07:51:53.923] [DEBUG] cheese - null
[2020-11-10T07:51:53.923] [DEBUG] cheese - null
[2020-11-11T08:03:28.239] [DEBUG] cheese - login => username:admin,password:123456
[2020-11-11T08:03:28.239] [DEBUG] cheese - admin
[2020-11-11T08:03:28.279] [DEBUG] cheese - null
[2020-11-11T08:03:28.279] [DEBUG] cheese - null
[2020-11-12T07:29:41.189] [DEBUG] cheese - login => username:admin,password:123456
[2020-11-12T07:29:41.197] [DEBUG] cheese - admin
[2020-11-12T07:29:41.221] [DEBUG] cheese - null
[2020-11-12T07:29:41.221] [DEBUG] cheese - null
[2020-11-12T09:27:48.997] [DEBUG] cheese - null
[2020-11-12T14:20:52.295] [DEBUG] cheese - login => username:admin,password:123456
[2020-11-12T14:20:52.298] [DEBUG] cheese - admin
[2020-11-12T14:20:52.309] [DEBUG] cheese - null
[2020-11-12T14:20:52.310] [DEBUG] cheese - null
[2020-11-12T14:27:02.394] [DEBUG] cheese - login => username:admin,password:123456
[2020-11-12T14:27:02.396] [DEBUG] cheese - admin
[2020-11-12T14:27:02.407] [DEBUG] cheese - null
[2020-11-12T14:27:02.407] [DEBUG] cheese - null
[2020-11-12T17:00:09.015] [DEBUG] cheese - login => username:admin,password:123456
[2020-11-12T17:00:09.017] [DEBUG] cheese - admin
[2020-11-12T17:00:09.020] [DEBUG] cheese - null
[2020-11-12T17:00:09.021] [DEBUG] cheese - null
[2020-11-12T17:04:38.158] [DEBUG] cheese - login => username:admin,password:123456
[2020-11-12T17:04:38.159] [DEBUG] cheese - admin
[2020-11-12T17:04:38.170] [DEBUG] cheese - null
[2020-11-12T17:04:38.170] [DEBUG] cheese - null
[2020-11-12T17:36:58.446] [DEBUG] cheese - login => username:admin,password:123456
[2020-11-12T17:36:58.446] [DEBUG] cheese - admin
[2020-11-12T17:36:58.451] [DEBUG] cheese - null
[2020-11-12T17:36:58.452] [DEBUG] cheese - null
[2020-11-12T17:46:53.491] [DEBUG] cheese - login => username:admin,password:123456
[2020-11-12T17:46:53.492] [DEBUG] cheese - admin
[2020-11-12T17:46:53.498] [DEBUG] cheese - null
[2020-11-12T17:46:53.498] [DEBUG] cheese - null
[2020-12-14T19:51:35.313] [DEBUG] cheese - login => username:admin,password:123456
[2020-12-14T19:51:35.314] [DEBUG] cheese - admin
[2020-12-14T19:51:35.341] [DEBUG] cheese - null
[2020-12-14T19:51:35.342] [DEBUG] cheese - null
[2020-12-14T19:51:57.187] [DEBUG] cheese - login => username:admin,password:123456
[2020-12-14T19:51:57.187] [DEBUG] cheese - admin
[2020-12-14T19:51:57.190] [DEBUG] cheese - null
[2020-12-14T19:51:57.190] [DEBUG] cheese - null
[2020-12-15T11:26:09.782] [DEBUG] cheese - login => username:zs,password:123456
[2020-12-15T11:26:09.782] [DEBUG] cheese - zs
[2020-12-15T11:26:09.798] [DEBUG] cheese - null
[2020-12-15T11:26:09.798] [DEBUG] cheese - null
[2020-12-15T11:26:12.399] [DEBUG] cheese - login => username:zs1,password:123456
[2020-12-15T11:26:12.399] [DEBUG] cheese - zs1
[2020-12-15T11:26:12.407] [DEBUG] cheese - null
[2020-12-15T11:26:12.407] [DEBUG] cheese - null
[2020-12-15T11:26:14.582] [DEBUG] cheese - login => username:zs1,password:123456
[2020-12-15T11:26:14.582] [DEBUG] cheese - zs1
[2020-12-15T11:26:14.582] [DEBUG] cheese - null
[2020-12-15T11:26:14.582] [DEBUG] cheese - null
[2020-12-15T11:26:16.302] [DEBUG] cheese - login => username:zs1,password:123456
[2020-12-15T11:26:16.302] [DEBUG] cheese - zs1
[2020-12-15T11:26:16.310] [DEBUG] cheese - null
[2020-12-15T11:26:16.310] [DEBUG] cheese - null
[2020-12-15T11:26:54.516] [DEBUG] cheese - login => username:zs,password:123456
[2020-12-15T11:26:54.524] [DEBUG] cheese - zs
[2020-12-15T11:26:54.532] [DEBUG] cheese - null
[2020-12-15T11:26:54.532] [DEBUG] cheese - null
[2020-12-15T11:27:29.222] [DEBUG] cheese - login => username:zs1,password:123456
[2020-12-15T11:27:29.222] [DEBUG] cheese - zs1
[2020-12-15T11:27:29.230] [DEBUG] cheese - null
[2020-12-15T11:27:29.230] [DEBUG] cheese - null
[2020-12-15T11:27:48.581] [DEBUG] cheese - login => username:zs1,password:123456
[2020-12-15T11:27:48.581] [DEBUG] cheese - zs1
[2020-12-15T11:27:48.589] [DEBUG] cheese - null
[2020-12-15T11:27:48.589] [DEBUG] cheese - null
[2020-12-15T11:28:03.738] [DEBUG] cheese - login => username:zs1,password:123456
[2020-12-15T11:28:03.738] [DEBUG] cheese - zs1
[2020-12-15T11:28:03.746] [DEBUG] cheese - null
[2020-12-15T11:28:03.746] [DEBUG] cheese - null
[2020-12-15T11:28:26.204] [DEBUG] cheese - login => username:zs1,password:123456
[2020-12-15T11:28:26.204] [DEBUG] cheese - zs1
[2020-12-15T11:28:26.212] [DEBUG] cheese - null
[2020-12-15T11:28:26.212] [DEBUG] cheese - null
[2020-12-15T11:31:32.471] [DEBUG] cheese - login => username:zs1,password:123456
[2020-12-15T11:31:32.471] [DEBUG] cheese - zs1
[2020-12-15T11:31:32.471] [DEBUG] cheese - null
[2020-12-15T11:31:32.471] [DEBUG] cheese - null
[2020-12-15T11:37:51.811] [DEBUG] cheese - login => username:zs,password:123456
[2020-12-15T11:37:51.811] [DEBUG] cheese - zs
[2020-12-15T11:37:51.815] [DEBUG] cheese - null
[2020-12-15T11:37:51.815] [DEBUG] cheese - null
[2020-12-15T11:37:54.809] [DEBUG] cheese - login => username:zs1,password:123456
[2020-12-15T11:37:54.809] [DEBUG] cheese - zs1
[2020-12-15T11:37:54.809] [DEBUG] cheese - null
[2020-12-15T11:37:54.809] [DEBUG] cheese - null
[2020-12-15T11:38:02.847] [DEBUG] cheese - login => username:admin,password:123456
[2020-12-15T11:38:02.847] [DEBUG] cheese - admin
[2020-12-15T11:38:02.871] [DEBUG] cheese - null
[2020-12-15T11:38:02.871] [DEBUG] cheese - null
[2020-12-15T11:48:00.454] [DEBUG] cheese - login => username:zs,password:123456
[2020-12-15T11:48:00.454] [DEBUG] cheese - zs
[2020-12-15T11:48:00.462] [DEBUG] cheese - null
[2020-12-15T11:48:00.462] [DEBUG] cheese - null
[2020-12-15T11:48:22.830] [DEBUG] cheese - login => username:admin,password:123456
[2020-12-15T11:48:22.830] [DEBUG] cheese - admin
[2020-12-15T11:48:22.838] [DEBUG] cheese - null
[2020-12-15T11:48:22.838] [DEBUG] cheese - null
[2020-12-15T16:03:42.805] [DEBUG] cheese - login => username:admin,password:123456
[2020-12-15T16:03:42.805] [DEBUG] cheese - admin
[2020-12-15T16:03:42.805] [DEBUG] cheese - null
[2020-12-15T16:03:42.805] [DEBUG] cheese - null
[2020-12-15T16:04:57.936] [DEBUG] cheese - login => username:admin,password:123456
[2020-12-15T16:04:57.937] [DEBUG] cheese - admin
[2020-12-15T16:04:57.939] [DEBUG] cheese - null
[2020-12-15T16:04:57.939] [DEBUG] cheese - null
[2020-12-15T16:06:38.384] [DEBUG] cheese - login => username:admin,password:123456
[2020-12-15T16:06:38.384] [DEBUG] cheese - admin
[2020-12-15T16:06:38.384] [DEBUG] cheese - null
[2020-12-15T16:06:38.384] [DEBUG] cheese - null
[2020-12-15T16:07:10.369] [DEBUG] cheese - login => username:admin,password:123456
[2020-12-15T16:07:10.377] [DEBUG] cheese - admin
[2020-12-15T16:07:10.377] [DEBUG] cheese - null
[2020-12-15T16:07:10.377] [DEBUG] cheese - null
[2020-12-15T16:08:29.867] [DEBUG] cheese - login => username:admin,password:123456
[2020-12-15T16:08:29.867] [DEBUG] cheese - admin
[2020-12-15T16:08:29.875] [DEBUG] cheese - null
[2020-12-15T16:08:29.875] [DEBUG] cheese - null
